<?xml version="1.0" encoding="UTF-8"?>
<!-- Generated by org.testng.reporters.JUnitReportReporter -->
<testsuite hostname="IN-PG02CJ07" failures="0" tests="1" name="AppiumExit.ExitTest.App" time="5.013" errors="0" timestamp="2023-03-01T00:14:28 IST" skipped="0">
  <testcase classname="AppiumExit.ExitTest.App" name="applicationrun" time="5.013"/>
  <system-out/>
</testsuite> <!-- AppiumExit.ExitTest.App -->
