<?xml version="1.0" encoding="UTF-8"?>
<!-- Generated by org.testng.reporters.JUnitReportReporter -->
<testsuite hostname="IN-PG02CJ07" failures="0" tests="3" name="Stepdefination.TextToSpeech" time="46.001" errors="0" timestamp="2023-03-06T01:45:18 IST" skipped="0">
  <testcase classname="Stepdefination.TextToSpeech" name="applicationrun" time="26.069"/>
  <system-out/>
  <testcase classname="Stepdefination.TextToSpeech" name="user_hits_app_options" time="17.276"/>
  <system-out/>
  <testcase classname="Stepdefination.TextToSpeech" name="clicks_text_to_speech" time="2.656"/>
  <system-out/>
</testsuite> <!-- Stepdefination.TextToSpeech -->
