<?xml version="1.0" encoding="UTF-8"?>
<!-- Generated by org.testng.reporters.JUnitReportReporter -->
<testsuite hostname="IN-PG02CJ07" failures="0" tests="3" name="Stepdefination.CameraPreview" time="39.738" errors="0" timestamp="2023-03-06T01:45:18 IST" skipped="0">
  <testcase classname="Stepdefination.CameraPreview" name="applicationrun" time="19.252"/>
  <system-out/>
  <testcase classname="Stepdefination.CameraPreview" name="user_hits_graphics" time="15.332"/>
  <system-out/>
  <testcase classname="Stepdefination.CameraPreview" name="next_user_hits_camera_preview" time="5.154"/>
  <system-out/>
</testsuite> <!-- Stepdefination.CameraPreview -->
