<?xml version="1.0" encoding="UTF-8"?>
<!-- Generated by org.testng.reporters.JUnitReportReporter -->
<testsuite hostname="IN-PG02CJ07" failures="0" tests="4" name="Stepdefination.AudioFixx" time="45.800" errors="0" timestamp="2023-03-06T01:45:18 IST" skipped="0">
  <testcase classname="Stepdefination.AudioFixx" name="applicationrun" time="18.407"/>
  <system-out/>
  <testcase classname="Stepdefination.AudioFixx" name="user_hits_media" time="14.635"/>
  <system-out/>
  <testcase classname="Stepdefination.AudioFixx" name="next_user_hits_audioFx" time="1.318"/>
  <system-out/>
  <testcase classname="Stepdefination.AudioFixx" name="user_starts_equalizing_audio_from_resources" time="11.440"/>
  <system-out/>
</testsuite> <!-- Stepdefination.AudioFixx -->
