<?xml version="1.0" encoding="UTF-8"?>
<!-- Generated by org.testng.reporters.JUnitReportReporter -->
<testsuite hostname="IN-PG02CJ07" failures="0" tests="8" name="Stepdefination.Audio" time="49.404" errors="0" timestamp="2023-03-06T02:07:30 IST" skipped="0">
  <testcase classname="Stepdefination.Audio" name="the_audio_started_playing_successfully_and_the_test_case_is_validated" time="0.006"/>
  <system-out/>
  <testcase classname="Stepdefination.Audio" name="applicationrun" time="17.911"/>
  <system-out/>
  <testcase classname="Stepdefination.Audio" name="user_is_navigated_to_media_player_page" time="0.003"/>
  <system-out/>
  <testcase classname="Stepdefination.Audio" name="user_is_navigated_to_next_page" time="0.004"/>
  <system-out/>
  <testcase classname="Stepdefination.Audio" name="user_is_on_the_app_homepage" time="5.067"/>
  <system-out/>
  <testcase classname="Stepdefination.Audio" name="user_hits_media" time="13.815"/>
  <system-out/>
  <testcase classname="Stepdefination.Audio" name="next_user_hits_media_player" time="1.052"/>
  <system-out/>
  <testcase classname="Stepdefination.Audio" name="user_hits_play_audio_from_resources" time="11.546"/>
  <system-out/>
</testsuite> <!-- Stepdefination.Audio -->
