<?xml version="1.0" encoding="UTF-8"?>
<!-- Generated by org.testng.reporters.JUnitReportReporter -->
<testsuite hostname="IN-PG02CJ07" failures="0" tests="5" name="Stepdefination.DataTypes" time="51.908" errors="0" timestamp="2023-03-06T02:34:16 IST" skipped="0">
  <testcase classname="Stepdefination.DataTypes" name="applicationrun" time="19.908"/>
  <system-out/>
  <testcase classname="Stepdefination.DataTypes" name="user_hits_content" time="14.824"/>
  <system-out/>
  <testcase classname="Stepdefination.DataTypes" name="next_user_hits_clipboard" time="1.448"/>
  <system-out/>
  <testcase classname="Stepdefination.DataTypes" name="user_hits_Data_Types" time="1.793"/>
  <system-out/>
  <testcase classname="Stepdefination.DataTypes" name="user_starts_writing_the_Data_Type" time="13.935"/>
  <system-out/>
</testsuite> <!-- Stepdefination.DataTypes -->
