<?xml version="1.0" encoding="UTF-8"?>
<!-- Generated by org.testng.reporters.JUnitReportReporter -->
<testsuite hostname="IN-PG02CJ07" failures="0" tests="1" name="AppiumExit.ExitTest.extentReport" time="0.020" errors="0" timestamp="2023-03-02T14:46:59 IST" skipped="0">
  <testcase classname="AppiumExit.ExitTest.extentReport" name="test1" time="0.020"/>
  <system-out/>
</testsuite> <!-- AppiumExit.ExitTest.extentReport -->
